<?xml version="1.0" encoding="UTF-8"?>
<testng-results ignored="0" total="1" passed="1" failed="0" skipped="0">
  <reporter-output>
  </reporter-output>
  <suite started-at="2024-06-14T16:06:46 IST" name="Default suite" finished-at="2024-06-14T16:10:11 IST" duration-ms="204829">
    <groups>
    </groups>
    <test started-at="2024-06-14T16:06:46 IST" name="Default test" finished-at="2024-06-14T16:10:11 IST" duration-ms="204829">
      <class name="testPackage.TestClass">
        <test-method is-config="true" signature="setup()[pri:0, instance:testPackage.TestClass@3e694b3f]" started-at="2024-06-14T16:06:46 IST" name="setup" finished-at="2024-06-14T16:08:48 IST" duration-ms="122249" status="PASS">
          <reporter-output>
          </reporter-output>
        </test-method> <!-- setup -->
        <test-method signature="logintest()[pri:0, instance:testPackage.TestClass@3e694b3f]" started-at="2024-06-14T16:08:48 IST" name="logintest" finished-at="2024-06-14T16:10:11 IST" duration-ms="82235" status="PASS">
          <reporter-output>
          </reporter-output>
        </test-method> <!-- logintest -->
      </class> <!-- testPackage.TestClass -->
    </test> <!-- Default test -->
  </suite> <!-- Default suite -->
</testng-results>
